Number of symmetry operations:  4
Op #: 1
 -1.000000   0.000000   0.000000
  0.000000  -1.000000   0.000000
  0.000000   0.000000  -1.000000
shift:   5.7443   2.1499  29.6680
Op #: 2
 -1.000000   0.000000   0.000000
  0.000000  -1.000000   0.000000
  0.000000   0.000000  -1.000000
shift:   2.9702   2.1499  29.5523
Op #: 3
  1.000000   0.000000  -0.000000
  0.000000   1.000000  -0.000000
  0.000000   0.000000   1.000000
shift:   0.0000   0.0000   0.0000
Op #: 4
  1.000000   0.000000  -0.000000
  0.000000   1.000000  -0.000000
  0.000000   0.000000   1.000000
shift:   2.7741   0.0000   0.1157
