 # <fortpy version="3" revision="247"></fortpy>
Na1 Li2 Ni
bulk
  2.7741070       0.0000000      0.11567100        # a1 parent lattice vector
  1.3846050       2.5682150      0.11655100        # a2 parent lattice vector
  0.0000000       0.0000000       33.323051        # a3 parent lattice vector
    2 # Number of points in the multilattice
  2.8003580       1.1628750       16.555934        # d01 d-vector, labels: 0
  2.9439580      0.98707000       13.112058        # d02 d-vector, labels: 1
 2-nary case
   4   4 # Starting and ending cell sizes for search
 0.10000000E-02 # Epsilon (finite precision parameter)
Concentration check:
    T
Including only structures of which the concentration   of each atom is in the range:
Type 1:    0/   1 --    0/   1
Type 2:    0/   1 --    0/   1
full list of labelings (including incomplete labelings) is used
(Non)Equivalency list: 1  2
start   #tot      HNF     Hdegn   labdegn   Totdegn   #size idx    pg    SNF             HNF                 Left transform                          labeling
