Title: Na2 Li8 Ni16 O28 F2                                                             
Lattice type (bulk or surface): BULK
  5.548   2.769   0.000
  0.000   5.136   0.000
  0.231   0.233  33.323
Number of labels:  3
Number of d-vectors:   8
  2.9440   0.9871  13.1121 0/1/
  4.3286   3.5553  13.2286 0/1/
  5.7181   0.9871  13.2277 0/1/
  7.1027   3.5553  13.3443 0/1/
  2.8004   1.1629  16.5559 1/2/
  4.1850   3.7311  16.6725 1/2/
  5.5745   1.1629  16.6716 1/2/
  6.9591   3.7311  16.7882 1/2/
Min and Max cell sizes:  1  1
Epsilon:   0.1000E-02
full/part mode: FULL
Concentration ranges are specified. Will run with using  the fixed-concentration algorithm.
Type 1 conc:20/80--20/80
Type 2 conc:40/80--40/80
Type 3 conc:20/80--20/80

--<< Successfully read the struct_enum.in file >>--

