Number of symmetry operations:  8
Op #: 1
 -1.000000   0.000000   0.000000
  0.000000  -1.000000   0.000000
  0.000000   0.000000  -1.000000
shift:   5.7443   2.1499  29.6680
Op #: 2
 -1.000000   0.000000   0.000000
  0.000000  -1.000000   0.000000
  0.000000   0.000000  -1.000000
shift:   7.1289   4.7182  29.7845
Op #: 3
 -1.000000   0.000000   0.000000
  0.000000  -1.000000   0.000000
  0.000000   0.000000  -1.000000
shift:   2.9702   2.1499  29.5523
Op #: 4
 -1.000000   0.000000   0.000000
  0.000000  -1.000000   0.000000
  0.000000   0.000000  -1.000000
shift:   4.3548   4.7182  29.6689
Op #: 5
  1.000000   0.000000   0.000000
 -0.000000   1.000000   0.000000
  0.000000   0.000000   1.000000
shift:  -0.0000   0.0000   0.0000
Op #: 6
  1.000000   0.000000   0.000000
 -0.000000   1.000000   0.000000
  0.000000   0.000000   1.000000
shift:   1.3846   2.5682   0.1166
Op #: 7
  1.000000   0.000000   0.000000
 -0.000000   1.000000   0.000000
  0.000000   0.000000   1.000000
shift:   2.7741   0.0000   0.1157
Op #: 8
  1.000000   0.000000   0.000000
 -0.000000   1.000000   0.000000
  0.000000   0.000000   1.000000
shift:   4.1587   2.5682   0.2322
