 # <fortpy version="3" revision="247"></fortpy>
Na1 Li2 Ni
bulk
  2.7741070       0.0000000      0.11567100        # a1 parent lattice vector
  1.3846050       2.5682150      0.11655100        # a2 parent lattice vector
  0.0000000       0.0000000       33.323051        # a3 parent lattice vector
    2 # Number of points in the multilattice
  2.8003580       1.1628750       16.555934        # d01 d-vector, labels: 0/1
  2.9439580      0.98707000       13.112058        # d02 d-vector, labels: 2
 3-nary case
   4   4 # Starting and ending cell sizes for search
 0.10000000E-02 # Epsilon (finite precision parameter)
Concentration check:
    T
Including only structures of which the concentration   of each atom is in the range:
Type 1:    1/   2 --    1/   2
Type 2:    1/   2 --    1/   2
Type 3:    0/   1 --    0/   1
full list of labelings (including incomplete labelings) is used
(Non)Equivalency list: 1  2
start   #tot      HNF     Hdegn   labdegn   Totdegn   #size idx    pg    SNF             HNF                 Left transform                          labeling
          1         1       1        4        4           1   4     2   1  1  4    1  0  1  0  0  4      1    0    0    0    1    0    0    0    1   00112222
          2         2       1        4        4           2   4     2   1  1  4    1  0  1  0  1  4      1    0    0    0    1    0    0   -1    1   00112222
          3         3       1        4        4           3   4     2   1  1  4    1  0  1  0  2  4      1    0    0    0    1    0    0   -2    1   00112222
          4         4       1        4        4           4   4     2   1  1  4    1  0  1  0  3  4      1    0    0    0    1    0    0   -3    1   00112222
          5         5       2        4        8           5   4     1   1  1  4    1  0  1  1  0  4      1    0    0    0    1    0   -1    0    1   00112222
          6         6       2        4        8           6   4     1   1  1  4    1  0  1  1  1  4      1    0    0    0    1    0   -1   -1    1   00112222
          7         7       2        4        8           7   4     1   1  1  4    1  0  1  1  2  4      1    0    0    0    1    0   -1   -2    1   00112222
          8         8       2        4        8           8   4     1   1  1  4    1  0  1  1  3  4      1    0    0    0    1    0   -1   -3    1   00112222
          9         9       2        4        8           9   4     1   1  1  4    1  0  1  2  0  4      1    0    0    0    1    0   -2    0    1   00112222
         10        10       2        4        8          10   4     1   1  1  4    1  0  1  3  0  4      1    0    0    0    1    0   -3    0    1   00112222
         11        11       2        4        8          11   4     1   1  1  4    1  0  1  3  1  4      1    0    0    0    1    0   -3   -1    1   00112222
         12        12       2        4        8          12   4     1   1  1  4    1  0  1  3  2  4      1    0    0    0    1    0   -3   -2    1   00112222
         13        13       2        4        8          13   4     1   1  1  4    1  0  1  3  3  4      1    0    0    0    1    0   -3   -3    1   00112222
         14        14       1        4        4          14   4     2   1  1  4    1  0  2  0  1  2      1    0    0    0    0    1    0   -1    2   00112222
         15        15       1        4        4          15   4     1   1  1  4    1  0  2  1  1  2      1    0    0   -1    0    1   -2   -1    2   00112222
         16        16       2        4        8          16   4     2   1  1  4    1  0  4  0  0  1      1    0    0    0    0    1    0    1    0   00112222
         17        17       1        4        4          17   4     2   1  1  4    1  0  1  2  1  4      1    0    0    0    1    0   -2   -1    1   00112222
         18        18       1        4        4          18   4     2   1  1  4    1  0  1  2  3  4      1    0    0    0    1    0   -2   -3    1   00112222
