site #   parent site #        Mask
   1          1           1  1
   2          1           1  1
   3          1           1  1
   4          1           1  1

site #   parent site #        Mask
   1          1           1  1
   2          1           1  1
   3          1           1  1
   4          1           1  1

site #   parent site #        Mask
   1          1           1  1
   2          1           1  1
   3          1           1  1
   4          1           1  1

site #   parent site #        Mask
   1          1           1  1
   2          1           1  1
   3          1           1  1
   4          1           1  1

site #   parent site #        Mask
   1          1           1  1
   2          1           1  1
   3          1           1  1
   4          1           1  1

