site #   parent site #        Mask
   1          1           1  1  0
   2          1           1  1  0
   3          1           1  1  0
   4          1           1  1  0
   5          2           0  1  1
   6          2           0  1  1
   7          2           0  1  1
   8          2           0  1  1

site #   parent site #        Mask
   1          1           1  1  0
   2          1           1  1  0
   3          1           1  1  0
   4          1           1  1  0
   5          2           0  1  1
   6          2           0  1  1
   7          2           0  1  1
   8          2           0  1  1

site #   parent site #        Mask
   1          1           1  1  0
   2          1           1  1  0
   3          1           1  1  0
   4          1           1  1  0
   5          2           0  1  1
   6          2           0  1  1
   7          2           0  1  1
   8          2           0  1  1

site #   parent site #        Mask
   1          1           1  1  0
   2          1           1  1  0
   3          1           1  1  0
   4          1           1  1  0
   5          2           0  1  1
   6          2           0  1  1
   7          2           0  1  1
   8          2           0  1  1

site #   parent site #        Mask
   1          1           1  1  0
   2          1           1  1  0
   3          1           1  1  0
   4          1           1  1  0
   5          2           0  1  1
   6          2           0  1  1
   7          2           0  1  1
   8          2           0  1  1

site #   parent site #        Mask
   1          1           1  1  0
   2          1           1  1  0
   3          1           1  1  0
   4          1           1  1  0
   5          2           0  1  1
   6          2           0  1  1
   7          2           0  1  1
   8          2           0  1  1

site #   parent site #        Mask
   1          1           1  1  0
   2          1           1  1  0
   3          1           1  1  0
   4          1           1  1  0
   5          2           0  1  1
   6          2           0  1  1
   7          2           0  1  1
   8          2           0  1  1

site #   parent site #        Mask
   1          1           1  1  0
   2          1           1  1  0
   3          1           1  1  0
   4          1           1  1  0
   5          2           0  1  1
   6          2           0  1  1
   7          2           0  1  1
   8          2           0  1  1

site #   parent site #        Mask
   1          1           1  1  0
   2          1           1  1  0
   3          1           1  1  0
   4          1           1  1  0
   5          2           0  1  1
   6          2           0  1  1
   7          2           0  1  1
   8          2           0  1  1

site #   parent site #        Mask
   1          1           1  1  0
   2          1           1  1  0
   3          1           1  1  0
   4          1           1  1  0
   5          2           0  1  1
   6          2           0  1  1
   7          2           0  1  1
   8          2           0  1  1

