




This file echoes the input for the makestr.x program and
prints some of the computed quantities as well. It is intended to
be useful for debugging and fixing bad input
***************************************************
Title: Na0.5 Li2                                                                       
bulk/surf: b
Parent lattice:
  2.774  0.000  0.116
  1.385  2.568  0.117
  0.000  0.000 33.323

Parent lattice inverse matrix:
  0.360  0.000 -0.001
 -0.194  0.389 -0.001
  0.000  0.000  0.030

d-vectors:
  2.9440  0.9871 13.1121
  2.8004  1.1629 16.5559

Spectators:

Number of labels (k):  3
Finite precision parameter (epsilon):  0.1000000000E-02
Found "start" label. Now skipping lines to struct #:        100
Skipped to the        100-nth line in struct_enum.out                                                                 
strN, hnfN, sizeN, n, pgOps, diag, a,b,c,d,e,f, L, labeling
        100      14      100  4  4   1   1   4    1   0   1   2   3   4    1   0   0   0   1   0  -2  -3   1  01011122                                
New labeling with spectators added: 01011122                                
HNF from file   1   0   1   2   3   4


New inverse after reduction
  0.001  -0.194  -0.015
  0.180   0.000   0.008
 -0.001  -0.001   0.030

Atom #:  1 given label # 1 label: 0
Atom #:  3 given label # 2 label: 0
  2 atoms of label type  0 found
Atom #:  2 given label # 1 label: 1
Atom #:  4 given label # 2 label: 1
Atom #:  5 given label # 3 label: 1
Atom #:  6 given label # 4 label: 1
  4 atoms of label type  1 found
Atom #:  7 given label # 1 label: 2
Atom #:  8 given label # 2 label: 2
  2 atoms of label type  2 found
Finished counting the atoms of each type
At. #:  1 position:  0.613   0.628   0.389 <0>
At. #:  3 position:  0.613   0.128   0.389 <0>
At. #:  2 position:  0.113   0.878   0.389 <1>
At. #:  4 position:  0.113   0.378   0.389 <1>
At. #:  5 position:  0.527   0.628   0.493 <1>
At. #:  6 position:  0.027   0.878   0.493 <1>
At. #:  7 position:  0.527   0.128   0.493 <2>
At. #:  8 position:  0.027   0.378   0.493 <2>
strN, hnfN, sizeN, n, pgOps, diag, a,b,c,d,e,f, L, labeling
        101      13      101  4  4   1   1   4    1   0   1   2   1   4    1   0   0   0   1   0  -2  -1   1  00111212                                
New labeling with spectators added: 00111212                                
HNF from file   1   0   1   2   1   4


New inverse after reduction
  0.001  -0.194  -0.015
 -0.001  -0.001   0.030
 -0.181  -0.000   0.008

Atom #:  1 given label # 1 label: 0
Atom #:  2 given label # 2 label: 0
  2 atoms of label type  0 found
Atom #:  3 given label # 1 label: 1
Atom #:  4 given label # 2 label: 1
Atom #:  5 given label # 3 label: 1
Atom #:  7 given label # 4 label: 1
  4 atoms of label type  1 found
Atom #:  6 given label # 1 label: 2
Atom #:  8 given label # 2 label: 2
  2 atoms of label type  2 found
Finished counting the atoms of each type
At. #:  1 position:  0.613   0.389   0.566 <0>
At. #:  2 position:  0.113   0.389   0.816 <0>
At. #:  3 position:  0.613   0.389   0.066 <1>
At. #:  4 position:  0.113   0.389   0.316 <1>
At. #:  5 position:  0.527   0.493   0.618 <1>
At. #:  7 position:  0.527   0.493   0.118 <1>
At. #:  6 position:  0.027   0.493   0.868 <2>
At. #:  8 position:  0.027   0.493   0.368 <2>
strN, hnfN, sizeN, n, pgOps, diag, a,b,c,d,e,f, L, labeling
        102      14      102  4  4   1   1   4    1   0   1   2   3   4    1   0   0   0   1   0  -2  -3   1  00111212                                
New labeling with spectators added: 00111212                                
HNF from file   1   0   1   2   3   4


New inverse after reduction
  0.001  -0.194  -0.015
  0.180   0.000   0.008
 -0.001  -0.001   0.030

Atom #:  1 given label # 1 label: 0
Atom #:  2 given label # 2 label: 0
  2 atoms of label type  0 found
Atom #:  3 given label # 1 label: 1
Atom #:  4 given label # 2 label: 1
Atom #:  5 given label # 3 label: 1
Atom #:  7 given label # 4 label: 1
  4 atoms of label type  1 found
Atom #:  6 given label # 1 label: 2
Atom #:  8 given label # 2 label: 2
  2 atoms of label type  2 found
Finished counting the atoms of each type
At. #:  1 position:  0.613   0.628   0.389 <0>
At. #:  2 position:  0.113   0.878   0.389 <0>
At. #:  3 position:  0.613   0.128   0.389 <1>
At. #:  4 position:  0.113   0.378   0.389 <1>
At. #:  5 position:  0.527   0.628   0.493 <1>
At. #:  7 position:  0.527   0.128   0.493 <1>
At. #:  6 position:  0.027   0.878   0.493 <2>
At. #:  8 position:  0.027   0.378   0.493 <2>
strN, hnfN, sizeN, n, pgOps, diag, a,b,c,d,e,f, L, labeling
        103      13      103  4  4   1   1   4    1   0   1   2   1   4    1   0   0   0   1   0  -2  -1   1  00111221                                
New labeling with spectators added: 00111221                                
HNF from file   1   0   1   2   1   4


New inverse after reduction
  0.001  -0.194  -0.015
 -0.001  -0.001   0.030
 -0.181  -0.000   0.008

Atom #:  1 given label # 1 label: 0
Atom #:  2 given label # 2 label: 0
  2 atoms of label type  0 found
Atom #:  3 given label # 1 label: 1
Atom #:  4 given label # 2 label: 1
Atom #:  5 given label # 3 label: 1
Atom #:  8 given label # 4 label: 1
  4 atoms of label type  1 found
Atom #:  6 given label # 1 label: 2
Atom #:  7 given label # 2 label: 2
  2 atoms of label type  2 found
Finished counting the atoms of each type
At. #:  1 position:  0.613   0.389   0.566 <0>
At. #:  2 position:  0.113   0.389   0.816 <0>
At. #:  3 position:  0.613   0.389   0.066 <1>
At. #:  4 position:  0.113   0.389   0.316 <1>
At. #:  5 position:  0.527   0.493   0.618 <1>
At. #:  8 position:  0.027   0.493   0.368 <1>
At. #:  6 position:  0.027   0.493   0.868 <2>
At. #:  7 position:  0.527   0.493   0.118 <2>
strN, hnfN, sizeN, n, pgOps, diag, a,b,c,d,e,f, L, labeling
        104      14      104  4  4   1   1   4    1   0   1   2   3   4    1   0   0   0   1   0  -2  -3   1  00111221                                
New labeling with spectators added: 00111221                                
HNF from file   1   0   1   2   3   4


New inverse after reduction
  0.001  -0.194  -0.015
  0.180   0.000   0.008
 -0.001  -0.001   0.030

Atom #:  1 given label # 1 label: 0
Atom #:  2 given label # 2 label: 0
  2 atoms of label type  0 found
Atom #:  3 given label # 1 label: 1
Atom #:  4 given label # 2 label: 1
Atom #:  5 given label # 3 label: 1
Atom #:  8 given label # 4 label: 1
  4 atoms of label type  1 found
Atom #:  6 given label # 1 label: 2
Atom #:  7 given label # 2 label: 2
  2 atoms of label type  2 found
Finished counting the atoms of each type
At. #:  1 position:  0.613   0.628   0.389 <0>
At. #:  2 position:  0.113   0.878   0.389 <0>
At. #:  3 position:  0.613   0.128   0.389 <1>
At. #:  4 position:  0.113   0.378   0.389 <1>
At. #:  5 position:  0.527   0.628   0.493 <1>
At. #:  8 position:  0.027   0.378   0.493 <1>
At. #:  6 position:  0.027   0.878   0.493 <2>
At. #:  7 position:  0.527   0.128   0.493 <2>
strN, hnfN, sizeN, n, pgOps, diag, a,b,c,d,e,f, L, labeling
        105      13      105  4  4   1   1   4    1   0   1   2   1   4    1   0   0   0   1   0  -2  -1   1  00112211                                
New labeling with spectators added: 00112211                                
HNF from file   1   0   1   2   1   4


New inverse after reduction
  0.001  -0.194  -0.015
 -0.001  -0.001   0.030
 -0.181  -0.000   0.008

Atom #:  1 given label # 1 label: 0
Atom #:  2 given label # 2 label: 0
  2 atoms of label type  0 found
Atom #:  3 given label # 1 label: 1
Atom #:  4 given label # 2 label: 1
Atom #:  7 given label # 3 label: 1
Atom #:  8 given label # 4 label: 1
  4 atoms of label type  1 found
Atom #:  5 given label # 1 label: 2
Atom #:  6 given label # 2 label: 2
  2 atoms of label type  2 found
Finished counting the atoms of each type
At. #:  1 position:  0.613   0.389   0.566 <0>
At. #:  2 position:  0.113   0.389   0.816 <0>
At. #:  3 position:  0.613   0.389   0.066 <1>
At. #:  4 position:  0.113   0.389   0.316 <1>
At. #:  7 position:  0.527   0.493   0.118 <1>
At. #:  8 position:  0.027   0.493   0.368 <1>
At. #:  5 position:  0.527   0.493   0.618 <2>
At. #:  6 position:  0.027   0.493   0.868 <2>
strN, hnfN, sizeN, n, pgOps, diag, a,b,c,d,e,f, L, labeling
        106      14      106  4  4   1   1   4    1   0   1   2   3   4    1   0   0   0   1   0  -2  -3   1  00112211                                
New labeling with spectators added: 00112211                                
HNF from file   1   0   1   2   3   4


New inverse after reduction
  0.001  -0.194  -0.015
  0.180   0.000   0.008
 -0.001  -0.001   0.030

Atom #:  1 given label # 1 label: 0
Atom #:  2 given label # 2 label: 0
  2 atoms of label type  0 found
Atom #:  3 given label # 1 label: 1
Atom #:  4 given label # 2 label: 1
Atom #:  7 given label # 3 label: 1
Atom #:  8 given label # 4 label: 1
  4 atoms of label type  1 found
Atom #:  5 given label # 1 label: 2
Atom #:  6 given label # 2 label: 2
  2 atoms of label type  2 found
Finished counting the atoms of each type
At. #:  1 position:  0.613   0.628   0.389 <0>
At. #:  2 position:  0.113   0.878   0.389 <0>
At. #:  3 position:  0.613   0.128   0.389 <1>
At. #:  4 position:  0.113   0.378   0.389 <1>
At. #:  7 position:  0.527   0.128   0.493 <1>
At. #:  8 position:  0.027   0.378   0.493 <1>
At. #:  5 position:  0.527   0.628   0.493 <2>
At. #:  6 position:  0.027   0.878   0.493 <2>
strN, hnfN, sizeN, n, pgOps, diag, a,b,c,d,e,f, L, labeling
        107      15      107  4  2   1   1   4    1   0   1   3   0   4    1   0   0   0   1   0  -3   0   1  00111122                                
New labeling with spectators added: 00111122                                
HNF from file   1   0   1   3   0   4


New inverse after reduction
  0.180   0.292   0.015
 -0.001  -0.001   0.030
  0.090  -0.049   0.008

Atom #:  1 given label # 1 label: 0
Atom #:  2 given label # 2 label: 0
  2 atoms of label type  0 found
Atom #:  3 given label # 1 label: 1
Atom #:  4 given label # 2 label: 1
Atom #:  5 given label # 3 label: 1
Atom #:  6 given label # 4 label: 1
  4 atoms of label type  1 found
Atom #:  7 given label # 1 label: 2
Atom #:  8 given label # 2 label: 2
  2 atoms of label type  2 found
Finished counting the atoms of each type
At. #:  1 position:  0.014   0.389   0.315 <0>
At. #:  2 position:  0.514   0.389   0.565 <0>
At. #:  3 position:  0.014   0.389   0.815 <1>
At. #:  4 position:  0.514   0.389   0.065 <1>
At. #:  5 position:  0.091   0.493   0.319 <1>
At. #:  6 position:  0.591   0.493   0.569 <1>
At. #:  7 position:  0.091   0.493   0.819 <2>
At. #:  8 position:  0.591   0.493   0.069 <2>
strN, hnfN, sizeN, n, pgOps, diag, a,b,c,d,e,f, L, labeling
        108      16      108  4  2   1   1   4    1   0   1   3   1   4    1   0   0   0   1   0  -3  -1   1  00111122                                
New labeling with spectators added: 00111122                                
HNF from file   1   0   1   3   1   4


New inverse after reduction
 -0.180  -0.097  -0.015
  0.090  -0.146   0.008
 -0.001  -0.001   0.030

Atom #:  1 given label # 1 label: 0
Atom #:  2 given label # 2 label: 0
  2 atoms of label type  0 found
Atom #:  3 given label # 1 label: 1
Atom #:  4 given label # 2 label: 1
Atom #:  5 given label # 3 label: 1
Atom #:  6 given label # 4 label: 1
  4 atoms of label type  1 found
Atom #:  7 given label # 1 label: 2
Atom #:  8 given label # 2 label: 2
  2 atoms of label type  2 found
Finished counting the atoms of each type
At. #:  1 position:  0.179   0.219   0.389 <0>
At. #:  2 position:  0.679   0.469   0.389 <0>
At. #:  3 position:  0.179   0.719   0.389 <1>
At. #:  4 position:  0.679   0.969   0.389 <1>
At. #:  5 position:  0.136   0.206   0.493 <1>
At. #:  6 position:  0.636   0.456   0.493 <1>
At. #:  7 position:  0.136   0.706   0.493 <2>
At. #:  8 position:  0.636   0.956   0.493 <2>
strN, hnfN, sizeN, n, pgOps, diag, a,b,c,d,e,f, L, labeling
        109      17      109  4  2   1   1   4    1   0   1   3   2   4    1   0   0   0   1   0  -3  -2   1  00111122                                
New labeling with spectators added: 00111122                                
HNF from file   1   0   1   3   2   4


New inverse after reduction
 -0.180   0.098  -0.015
 -0.001  -0.001   0.030
  0.090   0.146   0.008

Atom #:  1 given label # 1 label: 0
Atom #:  2 given label # 2 label: 0
  2 atoms of label type  0 found
Atom #:  3 given label # 1 label: 1
Atom #:  4 given label # 2 label: 1
Atom #:  5 given label # 3 label: 1
Atom #:  6 given label # 4 label: 1
  4 atoms of label type  1 found
Atom #:  7 given label # 1 label: 2
Atom #:  8 given label # 2 label: 2
  2 atoms of label type  2 found
Finished counting the atoms of each type
At. #:  1 position:  0.371   0.389   0.507 <0>
At. #:  2 position:  0.871   0.389   0.757 <0>
At. #:  3 position:  0.371   0.389   0.007 <1>
At. #:  4 position:  0.871   0.389   0.257 <1>
At. #:  5 position:  0.362   0.493   0.545 <1>
At. #:  6 position:  0.862   0.493   0.795 <1>
At. #:  7 position:  0.362   0.493   0.045 <2>
At. #:  8 position:  0.862   0.493   0.295 <2>
strN, hnfN, sizeN, n, pgOps, diag, a,b,c,d,e,f, L, labeling
        110      18      110  4  2   1   1   4    1   0   1   3   3   4    1   0   0   0   1   0  -3  -3   1  00111122                                
New labeling with spectators added: 00111122                                
HNF from file   1   0   1   3   3   4


New inverse after reduction
 -0.180   0.292  -0.015
 -0.001  -0.001   0.030
  0.090   0.049   0.008

Atom #:  1 given label # 1 label: 0
Atom #:  2 given label # 2 label: 0
  2 atoms of label type  0 found
Atom #:  3 given label # 1 label: 1
Atom #:  4 given label # 2 label: 1
Atom #:  5 given label # 3 label: 1
Atom #:  6 given label # 4 label: 1
  4 atoms of label type  1 found
Atom #:  7 given label # 1 label: 2
Atom #:  8 given label # 2 label: 2
  2 atoms of label type  2 found
Finished counting the atoms of each type
At. #:  1 position:  0.563   0.389   0.411 <0>
At. #:  2 position:  0.063   0.389   0.661 <0>
At. #:  3 position:  0.563   0.389   0.911 <1>
At. #:  4 position:  0.063   0.389   0.161 <1>
At. #:  5 position:  0.588   0.493   0.432 <1>
At. #:  6 position:  0.088   0.493   0.682 <1>
At. #:  7 position:  0.588   0.493   0.932 <2>
At. #:  8 position:  0.088   0.493   0.182 <2>
