 # <fortpy version="3" revision="247"></fortpy>
Na0.5 Li2 
bulk
  2.7741070       0.0000000      0.11567100        # a1 parent lattice vector
  1.3846050       2.5682150      0.11655100        # a2 parent lattice vector
  0.0000000       0.0000000       33.323051        # a3 parent lattice vector
    2 # Number of points in the multilattice
  2.9439580      0.98707000       13.112058        # d01 d-vector, labels: 0/1
  2.8003580       1.1628750       16.555934        # d02 d-vector, labels: 1/2
 3-nary case
   4   4 # Starting and ending cell sizes for search
 0.10000000E-02 # Epsilon (finite precision parameter)
Concentration check:
    T
Including only structures of which the concentration   of each atom is in the range:
Type 1:    1/   4 --    1/   4
Type 2:    1/   2 --    1/   2
Type 3:    1/   4 --    1/   4
full list of labelings (including incomplete labelings) is used
(Non)Equivalency list: 1  2
start   #tot      HNF     Hdegn   labdegn   Totdegn   #size idx    pg    SNF             HNF                 Left transform                          labeling
          1         1       1        8        8           1   4     4   1  1  4    1  0  1  0  0  4      1    0    0    0    1    0    0    0    1   00111122
          2         2       1        8        8           2   4     4   1  1  4    1  0  1  0  1  4      1    0    0    0    1    0    0   -1    1   00111122
          3         3       1        8        8           3   4     4   1  1  4    1  0  1  0  2  4      1    0    0    0    1    0    0   -2    1   00111122
          4         4       1        8        8           4   4     4   1  1  4    1  0  1  0  3  4      1    0    0    0    1    0    0   -3    1   00111122
          5         5       1        8        8           5   4     4   1  1  4    1  0  2  0  1  2      1    0    0    0    0    1    0   -1    2   00111122
          6         6       2        8       16           6   4     4   1  1  4    1  0  4  0  0  1      1    0    0    0    0    1    0    1    0   00111122
          7         1       1        8        8           7   4     4   1  1  4    1  0  1  0  0  4      1    0    0    0    1    0    0    0    1   01011122
          8         2       1        8        8           8   4     4   1  1  4    1  0  1  0  1  4      1    0    0    0    1    0    0   -1    1   01011122
          9         3       1        8        8           9   4     4   1  1  4    1  0  1  0  2  4      1    0    0    0    1    0    0   -2    1   01011122
         10         4       1        8        8          10   4     4   1  1  4    1  0  1  0  3  4      1    0    0    0    1    0    0   -3    1   01011122
         11         5       1        8        8          11   4     4   1  1  4    1  0  2  0  1  2      1    0    0    0    0    1    0   -1    2   01011122
         12         6       2        8       16          12   4     4   1  1  4    1  0  4  0  0  1      1    0    0    0    0    1    0    1    0   01011122
         13         1       1        8        8          13   4     4   1  1  4    1  0  1  0  0  4      1    0    0    0    1    0    0    0    1   00111212
         14         2       1        8        8          14   4     4   1  1  4    1  0  1  0  1  4      1    0    0    0    1    0    0   -1    1   00111212
         15         3       1        8        8          15   4     4   1  1  4    1  0  1  0  2  4      1    0    0    0    1    0    0   -2    1   00111212
         16         4       1        8        8          16   4     4   1  1  4    1  0  1  0  3  4      1    0    0    0    1    0    0   -3    1   00111212
         17         5       1        8        8          17   4     4   1  1  4    1  0  2  0  1  2      1    0    0    0    0    1    0   -1    2   00111212
         18         6       2        8       16          18   4     4   1  1  4    1  0  4  0  0  1      1    0    0    0    0    1    0    1    0   00111212
         19         1       1        8        8          19   4     4   1  1  4    1  0  1  0  0  4      1    0    0    0    1    0    0    0    1   00111221
         20         2       1        8        8          20   4     4   1  1  4    1  0  1  0  1  4      1    0    0    0    1    0    0   -1    1   00111221
         21         3       1        8        8          21   4     4   1  1  4    1  0  1  0  2  4      1    0    0    0    1    0    0   -2    1   00111221
         22         4       1        8        8          22   4     4   1  1  4    1  0  1  0  3  4      1    0    0    0    1    0    0   -3    1   00111221
         23         5       1        8        8          23   4     4   1  1  4    1  0  2  0  1  2      1    0    0    0    0    1    0   -1    2   00111221
         24         6       2        8       16          24   4     4   1  1  4    1  0  4  0  0  1      1    0    0    0    0    1    0    1    0   00111221
         25         1       1        8        8          25   4     4   1  1  4    1  0  1  0  0  4      1    0    0    0    1    0    0    0    1   01011221
         26         2       1        8        8          26   4     4   1  1  4    1  0  1  0  1  4      1    0    0    0    1    0    0   -1    1   01011221
         27         3       1        8        8          27   4     4   1  1  4    1  0  1  0  2  4      1    0    0    0    1    0    0   -2    1   01011221
         28         4       1        8        8          28   4     4   1  1  4    1  0  1  0  3  4      1    0    0    0    1    0    0   -3    1   01011221
         29         5       1        8        8          29   4     4   1  1  4    1  0  2  0  1  2      1    0    0    0    0    1    0   -1    2   01011221
         30         6       2        8       16          30   4     4   1  1  4    1  0  4  0  0  1      1    0    0    0    0    1    0    1    0   01011221
         31         1       1        8        8          31   4     4   1  1  4    1  0  1  0  0  4      1    0    0    0    1    0    0    0    1   00112112
         32         2       1        8        8          32   4     4   1  1  4    1  0  1  0  1  4      1    0    0    0    1    0    0   -1    1   00112112
         33         3       1        8        8          33   4     4   1  1  4    1  0  1  0  2  4      1    0    0    0    1    0    0   -2    1   00112112
         34         4       1        8        8          34   4     4   1  1  4    1  0  1  0  3  4      1    0    0    0    1    0    0   -3    1   00112112
         35         5       1        8        8          35   4     4   1  1  4    1  0  2  0  1  2      1    0    0    0    0    1    0   -1    2   00112112
         36         6       2        8       16          36   4     4   1  1  4    1  0  4  0  0  1      1    0    0    0    0    1    0    1    0   00112112
         37         1       1        8        8          37   4     4   1  1  4    1  0  1  0  0  4      1    0    0    0    1    0    0    0    1   00112121
         38         2       1        8        8          38   4     4   1  1  4    1  0  1  0  1  4      1    0    0    0    1    0    0   -1    1   00112121
         39         3       1        8        8          39   4     4   1  1  4    1  0  1  0  2  4      1    0    0    0    1    0    0   -2    1   00112121
         40         4       1        8        8          40   4     4   1  1  4    1  0  1  0  3  4      1    0    0    0    1    0    0   -3    1   00112121
         41         5       1        8        8          41   4     4   1  1  4    1  0  2  0  1  2      1    0    0    0    0    1    0   -1    2   00112121
         42         6       2        8       16          42   4     4   1  1  4    1  0  4  0  0  1      1    0    0    0    0    1    0    1    0   00112121
         43         1       1        3        3          43   4     4   1  1  4    1  0  1  0  0  4      1    0    0    0    1    0    0    0    1   00112211
         44         2       1        3        3          44   4     4   1  1  4    1  0  1  0  1  4      1    0    0    0    1    0    0   -1    1   00112211
         45         3       1        3        3          45   4     4   1  1  4    1  0  1  0  2  4      1    0    0    0    1    0    0   -2    1   00112211
         46         4       1        3        3          46   4     4   1  1  4    1  0  1  0  3  4      1    0    0    0    1    0    0   -3    1   00112211
         47         5       1        3        3          47   4     4   1  1  4    1  0  2  0  1  2      1    0    0    0    0    1    0   -1    2   00112211
         48         6       2        3        6          48   4     4   1  1  4    1  0  4  0  0  1      1    0    0    0    0    1    0    1    0   00112211
         49         7       2        8       16          49   4     2   1  1  4    1  0  1  1  0  4      1    0    0    0    1    0   -1    0    1   00111122
         50         8       2        8       16          50   4     2   1  1  4    1  0  1  1  1  4      1    0    0    0    1    0   -1   -1    1   00111122
         51         9       2        8       16          51   4     2   1  1  4    1  0  1  1  2  4      1    0    0    0    1    0   -1   -2    1   00111122
         52        10       2        8       16          52   4     2   1  1  4    1  0  1  1  3  4      1    0    0    0    1    0   -1   -3    1   00111122
         53         7       2        8       16          53   4     2   1  1  4    1  0  1  1  0  4      1    0    0    0    1    0   -1    0    1   01011122
         54         8       2        8       16          54   4     2   1  1  4    1  0  1  1  1  4      1    0    0    0    1    0   -1   -1    1   01011122
         55         9       2        8       16          55   4     2   1  1  4    1  0  1  1  2  4      1    0    0    0    1    0   -1   -2    1   01011122
         56        10       2        8       16          56   4     2   1  1  4    1  0  1  1  3  4      1    0    0    0    1    0   -1   -3    1   01011122
         57         7       2        8       16          57   4     2   1  1  4    1  0  1  1  0  4      1    0    0    0    1    0   -1    0    1   00111212
         58         8       2        8       16          58   4     2   1  1  4    1  0  1  1  1  4      1    0    0    0    1    0   -1   -1    1   00111212
         59         9       2        8       16          59   4     2   1  1  4    1  0  1  1  2  4      1    0    0    0    1    0   -1   -2    1   00111212
         60        10       2        8       16          60   4     2   1  1  4    1  0  1  1  3  4      1    0    0    0    1    0   -1   -3    1   00111212
         61         7       2        8       16          61   4     2   1  1  4    1  0  1  1  0  4      1    0    0    0    1    0   -1    0    1   00111221
         62         8       2        8       16          62   4     2   1  1  4    1  0  1  1  1  4      1    0    0    0    1    0   -1   -1    1   00111221
         63         9       2        8       16          63   4     2   1  1  4    1  0  1  1  2  4      1    0    0    0    1    0   -1   -2    1   00111221
         64        10       2        8       16          64   4     2   1  1  4    1  0  1  1  3  4      1    0    0    0    1    0   -1   -3    1   00111221
         65         7       2        8       16          65   4     2   1  1  4    1  0  1  1  0  4      1    0    0    0    1    0   -1    0    1   01011221
         66         8       2        8       16          66   4     2   1  1  4    1  0  1  1  1  4      1    0    0    0    1    0   -1   -1    1   01011221
         67         9       2        8       16          67   4     2   1  1  4    1  0  1  1  2  4      1    0    0    0    1    0   -1   -2    1   01011221
         68        10       2        8       16          68   4     2   1  1  4    1  0  1  1  3  4      1    0    0    0    1    0   -1   -3    1   01011221
         69         7       2        8       16          69   4     2   1  1  4    1  0  1  1  0  4      1    0    0    0    1    0   -1    0    1   00112112
         70         8       2        8       16          70   4     2   1  1  4    1  0  1  1  1  4      1    0    0    0    1    0   -1   -1    1   00112112
         71         9       2        8       16          71   4     2   1  1  4    1  0  1  1  2  4      1    0    0    0    1    0   -1   -2    1   00112112
         72        10       2        8       16          72   4     2   1  1  4    1  0  1  1  3  4      1    0    0    0    1    0   -1   -3    1   00112112
         73         7       2        8       16          73   4     2   1  1  4    1  0  1  1  0  4      1    0    0    0    1    0   -1    0    1   00112121
         74         8       2        8       16          74   4     2   1  1  4    1  0  1  1  1  4      1    0    0    0    1    0   -1   -1    1   00112121
         75         9       2        8       16          75   4     2   1  1  4    1  0  1  1  2  4      1    0    0    0    1    0   -1   -2    1   00112121
         76        10       2        8       16          76   4     2   1  1  4    1  0  1  1  3  4      1    0    0    0    1    0   -1   -3    1   00112121
         77         7       2        3        6          77   4     2   1  1  4    1  0  1  1  0  4      1    0    0    0    1    0   -1    0    1   00112211
         78         8       2        3        6          78   4     2   1  1  4    1  0  1  1  1  4      1    0    0    0    1    0   -1   -1    1   00112211
         79         9       2        3        6          79   4     2   1  1  4    1  0  1  1  2  4      1    0    0    0    1    0   -1   -2    1   00112211
         80        10       2        3        6          80   4     2   1  1  4    1  0  1  1  3  4      1    0    0    0    1    0   -1   -3    1   00112211
         81        11       2        8       16          81   4     2   1  1  4    1  0  1  2  0  4      1    0    0    0    1    0   -2    0    1   00111122
         82        12       1        8        8          82   4     2   1  1  4    1  0  2  1  1  2      1    0    0   -1    0    1   -2   -1    2   00111122
         83        11       2        8       16          83   4     2   1  1  4    1  0  1  2  0  4      1    0    0    0    1    0   -2    0    1   01011122
         84        12       1        8        8          84   4     2   1  1  4    1  0  2  1  1  2      1    0    0   -1    0    1   -2   -1    2   01011122
         85        11       2        8       16          85   4     2   1  1  4    1  0  1  2  0  4      1    0    0    0    1    0   -2    0    1   00111212
         86        12       1        8        8          86   4     2   1  1  4    1  0  2  1  1  2      1    0    0   -1    0    1   -2   -1    2   00111212
         87        11       2        8       16          87   4     2   1  1  4    1  0  1  2  0  4      1    0    0    0    1    0   -2    0    1   00111221
         88        12       1        8        8          88   4     2   1  1  4    1  0  2  1  1  2      1    0    0   -1    0    1   -2   -1    2   00111221
         89        11       2        8       16          89   4     2   1  1  4    1  0  1  2  0  4      1    0    0    0    1    0   -2    0    1   01011221
         90        12       1        8        8          90   4     2   1  1  4    1  0  2  1  1  2      1    0    0   -1    0    1   -2   -1    2   01011221
         91        11       2        8       16          91   4     2   1  1  4    1  0  1  2  0  4      1    0    0    0    1    0   -2    0    1   00112112
         92        12       1        8        8          92   4     2   1  1  4    1  0  2  1  1  2      1    0    0   -1    0    1   -2   -1    2   00112112
         93        11       2        8       16          93   4     2   1  1  4    1  0  1  2  0  4      1    0    0    0    1    0   -2    0    1   00112121
         94        12       1        8        8          94   4     2   1  1  4    1  0  2  1  1  2      1    0    0   -1    0    1   -2   -1    2   00112121
         95        11       2        3        6          95   4     2   1  1  4    1  0  1  2  0  4      1    0    0    0    1    0   -2    0    1   00112211
         96        12       1        3        3          96   4     2   1  1  4    1  0  2  1  1  2      1    0    0   -1    0    1   -2   -1    2   00112211
         97        13       1        8        8          97   4     4   1  1  4    1  0  1  2  1  4      1    0    0    0    1    0   -2   -1    1   00111122
         98        14       1        8        8          98   4     4   1  1  4    1  0  1  2  3  4      1    0    0    0    1    0   -2   -3    1   00111122
         99        13       1       16       16          99   4     4   1  1  4    1  0  1  2  1  4      1    0    0    0    1    0   -2   -1    1   01011122
        100        14       1       16       16         100   4     4   1  1  4    1  0  1  2  3  4      1    0    0    0    1    0   -2   -3    1   01011122
        101        13       1       16       16         101   4     4   1  1  4    1  0  1  2  1  4      1    0    0    0    1    0   -2   -1    1   00111212
        102        14       1       16       16         102   4     4   1  1  4    1  0  1  2  3  4      1    0    0    0    1    0   -2   -3    1   00111212
        103        13       1        8        8         103   4     4   1  1  4    1  0  1  2  1  4      1    0    0    0    1    0   -2   -1    1   00111221
        104        14       1        8        8         104   4     4   1  1  4    1  0  1  2  3  4      1    0    0    0    1    0   -2   -3    1   00111221
        105        13       1       16       16         105   4     4   1  1  4    1  0  1  2  1  4      1    0    0    0    1    0   -2   -1    1   00112211
        106        14       1       16       16         106   4     4   1  1  4    1  0  1  2  3  4      1    0    0    0    1    0   -2   -3    1   00112211
        107        15       2        8       16         107   4     2   1  1  4    1  0  1  3  0  4      1    0    0    0    1    0   -3    0    1   00111122
        108        16       2        8       16         108   4     2   1  1  4    1  0  1  3  1  4      1    0    0    0    1    0   -3   -1    1   00111122
        109        17       2        8       16         109   4     2   1  1  4    1  0  1  3  2  4      1    0    0    0    1    0   -3   -2    1   00111122
        110        18       2        8       16         110   4     2   1  1  4    1  0  1  3  3  4      1    0    0    0    1    0   -3   -3    1   00111122
        111        15       2        8       16         111   4     2   1  1  4    1  0  1  3  0  4      1    0    0    0    1    0   -3    0    1   01011122
        112        16       2        8       16         112   4     2   1  1  4    1  0  1  3  1  4      1    0    0    0    1    0   -3   -1    1   01011122
        113        17       2        8       16         113   4     2   1  1  4    1  0  1  3  2  4      1    0    0    0    1    0   -3   -2    1   01011122
        114        18       2        8       16         114   4     2   1  1  4    1  0  1  3  3  4      1    0    0    0    1    0   -3   -3    1   01011122
        115        15       2        8       16         115   4     2   1  1  4    1  0  1  3  0  4      1    0    0    0    1    0   -3    0    1   00111212
        116        16       2        8       16         116   4     2   1  1  4    1  0  1  3  1  4      1    0    0    0    1    0   -3   -1    1   00111212
        117        17       2        8       16         117   4     2   1  1  4    1  0  1  3  2  4      1    0    0    0    1    0   -3   -2    1   00111212
        118        18       2        8       16         118   4     2   1  1  4    1  0  1  3  3  4      1    0    0    0    1    0   -3   -3    1   00111212
        119        15       2        8       16         119   4     2   1  1  4    1  0  1  3  0  4      1    0    0    0    1    0   -3    0    1   00111221
        120        16       2        8       16         120   4     2   1  1  4    1  0  1  3  1  4      1    0    0    0    1    0   -3   -1    1   00111221
        121        17       2        8       16         121   4     2   1  1  4    1  0  1  3  2  4      1    0    0    0    1    0   -3   -2    1   00111221
        122        18       2        8       16         122   4     2   1  1  4    1  0  1  3  3  4      1    0    0    0    1    0   -3   -3    1   00111221
        123        15       2        8       16         123   4     2   1  1  4    1  0  1  3  0  4      1    0    0    0    1    0   -3    0    1   01011221
        124        16       2        8       16         124   4     2   1  1  4    1  0  1  3  1  4      1    0    0    0    1    0   -3   -1    1   01011221
        125        17       2        8       16         125   4     2   1  1  4    1  0  1  3  2  4      1    0    0    0    1    0   -3   -2    1   01011221
        126        18       2        8       16         126   4     2   1  1  4    1  0  1  3  3  4      1    0    0    0    1    0   -3   -3    1   01011221
        127        15       2        8       16         127   4     2   1  1  4    1  0  1  3  0  4      1    0    0    0    1    0   -3    0    1   00112112
        128        16       2        8       16         128   4     2   1  1  4    1  0  1  3  1  4      1    0    0    0    1    0   -3   -1    1   00112112
        129        17       2        8       16         129   4     2   1  1  4    1  0  1  3  2  4      1    0    0    0    1    0   -3   -2    1   00112112
        130        18       2        8       16         130   4     2   1  1  4    1  0  1  3  3  4      1    0    0    0    1    0   -3   -3    1   00112112
        131        15       2        8       16         131   4     2   1  1  4    1  0  1  3  0  4      1    0    0    0    1    0   -3    0    1   00112121
        132        16       2        8       16         132   4     2   1  1  4    1  0  1  3  1  4      1    0    0    0    1    0   -3   -1    1   00112121
        133        17       2        8       16         133   4     2   1  1  4    1  0  1  3  2  4      1    0    0    0    1    0   -3   -2    1   00112121
        134        18       2        8       16         134   4     2   1  1  4    1  0  1  3  3  4      1    0    0    0    1    0   -3   -3    1   00112121
        135        15       2        3        6         135   4     2   1  1  4    1  0  1  3  0  4      1    0    0    0    1    0   -3    0    1   00112211
        136        16       2        3        6         136   4     2   1  1  4    1  0  1  3  1  4      1    0    0    0    1    0   -3   -1    1   00112211
        137        17       2        3        6         137   4     2   1  1  4    1  0  1  3  2  4      1    0    0    0    1    0   -3   -2    1   00112211
        138        18       2        3        6         138   4     2   1  1  4    1  0  1  3  3  4      1    0    0    0    1    0   -3   -3    1   00112211
        139        19       2        3        6         139   4     4   1  2  2    1  0  2  0  0  2      1    0    0    0    1    0    0    0    1   01011122
        140        19       2        8       16         140   4     4   1  2  2    1  0  2  0  0  2      1    0    0    0    1    0    0    0    1   01101122
        141        19       2        8       16         141   4     4   1  2  2    1  0  2  0  0  2      1    0    0    0    1    0    0    0    1   00111212
        142        19       2        3        6         142   4     4   1  2  2    1  0  2  0  0  2      1    0    0    0    1    0    0    0    1   01101212
        143        19       2        8       16         143   4     4   1  2  2    1  0  2  0  0  2      1    0    0    0    1    0    0    0    1   00111221
        144        19       2        3        6         144   4     4   1  2  2    1  0  2  0  0  2      1    0    0    0    1    0    0    0    1   01011221
        145        20       2        3        6         145   4     2   1  2  2    1  0  2  1  0  2      1    0    0    0    1    0   -1    0    1   01011122
        146        20       2        8       16         146   4     2   1  2  2    1  0  2  1  0  2      1    0    0    0    1    0   -1    0    1   01101122
        147        20       2        8       16         147   4     2   1  2  2    1  0  2  1  0  2      1    0    0    0    1    0   -1    0    1   00111212
        148        20       2        3        6         148   4     2   1  2  2    1  0  2  1  0  2      1    0    0    0    1    0   -1    0    1   01101212
        149        20       2        8       16         149   4     2   1  2  2    1  0  2  1  0  2      1    0    0    0    1    0   -1    0    1   00111221
        150        20       2        3        6         150   4     2   1  2  2    1  0  2  1  0  2      1    0    0    0    1    0   -1    0    1   01011221
        151        21       1        3        3         151   4     2   1  2  2    1  1  2  0  0  2      1    0    0   -1    1    0    0    0    1   01011122
        152        21       1        8        8         152   4     2   1  2  2    1  1  2  0  0  2      1    0    0   -1    1    0    0    0    1   01101122
        153        21       1        8        8         153   4     2   1  2  2    1  1  2  0  0  2      1    0    0   -1    1    0    0    0    1   00111212
        154        21       1        3        3         154   4     2   1  2  2    1  1  2  0  0  2      1    0    0   -1    1    0    0    0    1   01101212
        155        21       1        8        8         155   4     2   1  2  2    1  1  2  0  0  2      1    0    0   -1    1    0    0    0    1   00111221
        156        21       1        3        3         156   4     2   1  2  2    1  1  2  0  0  2      1    0    0   -1    1    0    0    0    1   01011221
        157        22       1        7        7         157   4     4   1  2  2    1  1  2  1  0  2      1    0    0   -1    1    0   -1    0    1   01101122
        158        22       1       16       16         158   4     4   1  2  2    1  1  2  1  0  2      1    0    0   -1    1    0   -1    0    1   00111212
        159        22       1       16       16         159   4     4   1  2  2    1  1  2  1  0  2      1    0    0   -1    1    0   -1    0    1   00111221
        160        23       1        7        7         160   4     4   1  2  2    2  0  1  0  1  2      0    1    0    1    0    0    0   -1    1   01011122
        161        23       1       16       16         161   4     4   1  2  2    2  0  1  0  1  2      0    1    0    1    0    0    0   -1    1   00111212
        162        23       1       16       16         162   4     4   1  2  2    2  0  1  0  1  2      0    1    0    1    0    0    0   -1    1   00111221
