




This file echoes the input for the makestr.x program and
prints some of the computed quantities as well. It is intended to
be useful for debugging and fixing bad input
***************************************************
Title: Na0.75 Li2                                                                      
bulk/surf: b
Parent lattice:
  2.774  0.000  0.116
  1.385  2.568  0.117
  0.000  0.000 33.323

Parent lattice inverse matrix:
  0.360  0.000 -0.001
 -0.194  0.389 -0.001
  0.000  0.000  0.030

d-vectors:
  2.9440  0.9871 13.1121
  1.7544  1.7208  8.3188

Spectators:

Number of labels (k):  3
Finite precision parameter (epsilon):  0.1000000000E-02
Found "start" label. Now skipping lines to struct #:          1
Skipped to the          1-nth line in struct_enum.out                                                                 
strN, hnfN, sizeN, n, pgOps, diag, a,b,c,d,e,f, L, labeling
          1       1        1  4  2   1   1   4    1   0   1   0   0   4    1   0   0   0   1   0   0   0   1  00012222                                
New labeling with spectators added: 00012222                                
HNF from file   1   0   1   0   0   4


New inverse after reduction
  0.360  -0.195   0.008
 -0.000   0.389   0.008
 -0.000  -0.000   0.008

Atom #:  1 given label # 1 label: 0
Atom #:  2 given label # 2 label: 0
Atom #:  3 given label # 3 label: 0
  3 atoms of label type  0 found
Atom #:  4 given label # 1 label: 1
  1 atoms of label type  1 found
Atom #:  5 given label # 1 label: 2
Atom #:  6 given label # 2 label: 2
Atom #:  7 given label # 3 label: 2
Atom #:  8 given label # 4 label: 2
  4 atoms of label type  2 found
Finished counting the atoms of each type
At. #:  1 position:  0.967   0.482   0.097 <0>
At. #:  2 position:  0.217   0.732   0.347 <0>
At. #:  3 position:  0.467   0.982   0.597 <0>
At. #:  4 position:  0.717   0.232   0.847 <1>
At. #:  5 position:  0.360   0.732   0.062 <2>
At. #:  6 position:  0.610   0.982   0.312 <2>
At. #:  7 position:  0.860   0.232   0.562 <2>
At. #:  8 position:  0.110   0.482   0.812 <2>
strN, hnfN, sizeN, n, pgOps, diag, a,b,c,d,e,f, L, labeling
          2       2        2  4  2   1   1   4    1   0   1   0   1   4    1   0   0   0   1   0   0  -1   1  00012222                                
New labeling with spectators added: 00012222                                
HNF from file   1   0   1   0   1   4


New inverse after reduction
  0.360   0.000   0.015
 -0.001  -0.001   0.030
 -0.000  -0.098   0.008

Atom #:  1 given label # 1 label: 0
Atom #:  2 given label # 2 label: 0
Atom #:  3 given label # 3 label: 0
  3 atoms of label type  0 found
Atom #:  4 given label # 1 label: 1
  1 atoms of label type  1 found
Atom #:  5 given label # 1 label: 2
Atom #:  6 given label # 2 label: 2
Atom #:  7 given label # 3 label: 2
Atom #:  8 given label # 4 label: 2
  4 atoms of label type  2 found
Finished counting the atoms of each type
At. #:  1 position:  0.256   0.389   0.001 <0>
At. #:  2 position:  0.756   0.389   0.251 <0>
At. #:  3 position:  0.256   0.389   0.501 <0>
At. #:  4 position:  0.756   0.389   0.751 <1>
At. #:  5 position:  0.756   0.246   0.894 <2>
At. #:  6 position:  0.256   0.246   0.144 <2>
At. #:  7 position:  0.756   0.246   0.394 <2>
At. #:  8 position:  0.256   0.246   0.644 <2>
strN, hnfN, sizeN, n, pgOps, diag, a,b,c,d,e,f, L, labeling
          3       3        3  4  2   1   1   4    1   0   1   0   2   4    1   0   0   0   1   0   0  -2   1  00012222                                
New labeling with spectators added: 00012222                                
HNF from file   1   0   1   0   2   4


New inverse after reduction
  0.360   0.000   0.008
 -0.001  -0.000   0.015
  0.000  -0.195  -0.008

Atom #:  1 given label # 1 label: 0
Atom #:  2 given label # 2 label: 0
Atom #:  3 given label # 3 label: 0
  3 atoms of label type  0 found
Atom #:  4 given label # 1 label: 1
  1 atoms of label type  1 found
Atom #:  5 given label # 1 label: 2
Atom #:  6 given label # 2 label: 2
Atom #:  7 given label # 3 label: 2
Atom #:  8 given label # 4 label: 2
  4 atoms of label type  2 found
Finished counting the atoms of each type
At. #:  1 position:  0.159   0.195   0.711 <0>
At. #:  2 position:  0.409   0.695   0.461 <0>
At. #:  3 position:  0.659   0.195   0.211 <0>
At. #:  4 position:  0.909   0.695   0.961 <1>
At. #:  5 position:  0.695   0.123   0.603 <2>
At. #:  6 position:  0.945   0.623   0.353 <2>
At. #:  7 position:  0.195   0.123   0.103 <2>
At. #:  8 position:  0.445   0.623   0.853 <2>
strN, hnfN, sizeN, n, pgOps, diag, a,b,c,d,e,f, L, labeling
          4       4        4  4  2   1   1   4    1   0   1   0   3   4    1   0   0   0   1   0   0  -3   1  00012222                                
New labeling with spectators added: 00012222                                
HNF from file   1   0   1   0   3   4


New inverse after reduction
  0.360   0.000   0.015
 -0.000   0.097   0.008
 -0.001  -0.001   0.030

Atom #:  1 given label # 1 label: 0
Atom #:  2 given label # 2 label: 0
Atom #:  3 given label # 3 label: 0
  3 atoms of label type  0 found
Atom #:  4 given label # 1 label: 1
  1 atoms of label type  1 found
Atom #:  5 given label # 1 label: 2
Atom #:  6 given label # 2 label: 2
Atom #:  7 given label # 3 label: 2
Atom #:  8 given label # 4 label: 2
  4 atoms of label type  2 found
Finished counting the atoms of each type
At. #:  1 position:  0.256   0.193   0.389 <0>
At. #:  2 position:  0.756   0.443   0.389 <0>
At. #:  3 position:  0.256   0.693   0.389 <0>
At. #:  4 position:  0.756   0.943   0.389 <1>
At. #:  5 position:  0.756   0.229   0.246 <2>
At. #:  6 position:  0.256   0.479   0.246 <2>
At. #:  7 position:  0.756   0.729   0.246 <2>
At. #:  8 position:  0.256   0.979   0.246 <2>
strN, hnfN, sizeN, n, pgOps, diag, a,b,c,d,e,f, L, labeling
          5       5        5  4  1   1   1   4    1   0   1   1   0   4    1   0   0   0   1   0  -1   0   1  00012222                                
New labeling with spectators added: 00012222                                
HNF from file   1   0   1   1   0   4


New inverse after reduction
  0.180   0.292   0.015
 -0.090   0.048   0.008
 -0.001  -0.001   0.030

Atom #:  1 given label # 1 label: 0
Atom #:  2 given label # 2 label: 0
Atom #:  3 given label # 3 label: 0
  3 atoms of label type  0 found
Atom #:  4 given label # 1 label: 1
  1 atoms of label type  1 found
Atom #:  5 given label # 1 label: 2
Atom #:  6 given label # 2 label: 2
Atom #:  7 given label # 3 label: 2
Atom #:  8 given label # 4 label: 2
  4 atoms of label type  2 found
Finished counting the atoms of each type
At. #:  1 position:  0.014   0.880   0.389 <0>
At. #:  2 position:  0.514   0.130   0.389 <0>
At. #:  3 position:  0.014   0.380   0.389 <0>
At. #:  4 position:  0.514   0.630   0.389 <1>
At. #:  5 position:  0.942   0.987   0.246 <2>
At. #:  6 position:  0.442   0.237   0.246 <2>
At. #:  7 position:  0.942   0.487   0.246 <2>
At. #:  8 position:  0.442   0.737   0.246 <2>
strN, hnfN, sizeN, n, pgOps, diag, a,b,c,d,e,f, L, labeling
          6       6        6  4  1   1   1   4    1   0   1   1   1   4    1   0   0   0   1   0  -1  -1   1  00012222                                
New labeling with spectators added: 00012222                                
HNF from file   1   0   1   1   1   4


New inverse after reduction
 -0.181   0.292   0.015
 -0.090  -0.049   0.008
 -0.001  -0.001   0.030

Atom #:  1 given label # 1 label: 0
Atom #:  2 given label # 2 label: 0
Atom #:  3 given label # 3 label: 0
  3 atoms of label type  0 found
Atom #:  4 given label # 1 label: 1
  1 atoms of label type  1 found
Atom #:  5 given label # 1 label: 2
Atom #:  6 given label # 2 label: 2
Atom #:  7 given label # 3 label: 2
Atom #:  8 given label # 4 label: 2
  4 atoms of label type  2 found
Finished counting the atoms of each type
At. #:  1 position:  0.952   0.784   0.389 <0>
At. #:  2 position:  0.452   0.034   0.389 <0>
At. #:  3 position:  0.952   0.284   0.389 <0>
At. #:  4 position:  0.452   0.534   0.389 <1>
At. #:  5 position:  0.309   0.820   0.246 <2>
At. #:  6 position:  0.809   0.070   0.246 <2>
At. #:  7 position:  0.309   0.320   0.246 <2>
At. #:  8 position:  0.809   0.570   0.246 <2>
strN, hnfN, sizeN, n, pgOps, diag, a,b,c,d,e,f, L, labeling
          7       7        7  4  1   1   1   4    1   0   1   1   2   4    1   0   0   0   1   0  -1  -2   1  00012222                                
New labeling with spectators added: 00012222                                
HNF from file   1   0   1   1   2   4


New inverse after reduction
 -0.180   0.098  -0.015
 -0.089  -0.146  -0.023
 -0.001  -0.001   0.030

Atom #:  1 given label # 1 label: 0
Atom #:  2 given label # 2 label: 0
Atom #:  3 given label # 3 label: 0
  3 atoms of label type  0 found
Atom #:  4 given label # 1 label: 1
  1 atoms of label type  1 found
Atom #:  5 given label # 1 label: 2
Atom #:  6 given label # 2 label: 2
Atom #:  7 given label # 3 label: 2
Atom #:  8 given label # 4 label: 2
  4 atoms of label type  2 found
Finished counting the atoms of each type
At. #:  1 position:  0.371   0.299   0.389 <0>
At. #:  2 position:  0.871   0.549   0.389 <0>
At. #:  3 position:  0.371   0.799   0.389 <0>
At. #:  4 position:  0.871   0.049   0.389 <1>
At. #:  5 position:  0.728   0.406   0.246 <2>
At. #:  6 position:  0.228   0.656   0.246 <2>
At. #:  7 position:  0.728   0.906   0.246 <2>
At. #:  8 position:  0.228   0.156   0.246 <2>
strN, hnfN, sizeN, n, pgOps, diag, a,b,c,d,e,f, L, labeling
          8       8        8  4  1   1   1   4    1   0   1   1   3   4    1   0   0   0   1   0  -1  -3   1  00012222                                
New labeling with spectators added: 00012222                                
HNF from file   1   0   1   1   3   4


New inverse after reduction
 -0.180  -0.097  -0.015
 -0.001  -0.001   0.030
 -0.090   0.146   0.008

Atom #:  1 given label # 1 label: 0
Atom #:  2 given label # 2 label: 0
Atom #:  3 given label # 3 label: 0
  3 atoms of label type  0 found
Atom #:  4 given label # 1 label: 1
  1 atoms of label type  1 found
Atom #:  5 given label # 1 label: 2
Atom #:  6 given label # 2 label: 2
Atom #:  7 given label # 3 label: 2
Atom #:  8 given label # 4 label: 2
  4 atoms of label type  2 found
Finished counting the atoms of each type
At. #:  1 position:  0.179   0.389   0.976 <0>
At. #:  2 position:  0.679   0.389   0.226 <0>
At. #:  3 position:  0.179   0.389   0.476 <0>
At. #:  4 position:  0.679   0.389   0.726 <1>
At. #:  5 position:  0.393   0.246   0.155 <2>
At. #:  6 position:  0.893   0.246   0.405 <2>
At. #:  7 position:  0.393   0.246   0.655 <2>
At. #:  8 position:  0.893   0.246   0.905 <2>
strN, hnfN, sizeN, n, pgOps, diag, a,b,c,d,e,f, L, labeling
          9       9        9  4  1   1   1   4    1   0   1   2   0   4    1   0   0   0   1   0  -2   0   1  00012222                                
New labeling with spectators added: 00012222                                
HNF from file   1   0   1   2   0   4


New inverse after reduction
  0.180   0.292   0.008
 -0.180   0.097  -0.008
 -0.001  -0.000   0.015

Atom #:  1 given label # 1 label: 0
Atom #:  2 given label # 2 label: 0
Atom #:  3 given label # 3 label: 0
  3 atoms of label type  0 found
Atom #:  4 given label # 1 label: 1
  1 atoms of label type  1 found
Atom #:  5 given label # 1 label: 2
Atom #:  6 given label # 2 label: 2
Atom #:  7 given label # 3 label: 2
Atom #:  8 given label # 4 label: 2
  4 atoms of label type  2 found
Finished counting the atoms of each type
At. #:  1 position:  0.916   0.468   0.195 <0>
At. #:  2 position:  0.166   0.218   0.695 <0>
At. #:  3 position:  0.416   0.968   0.195 <0>
At. #:  4 position:  0.666   0.718   0.695 <1>
At. #:  5 position:  0.881   0.789   0.123 <2>
At. #:  6 position:  0.131   0.539   0.623 <2>
At. #:  7 position:  0.381   0.289   0.123 <2>
At. #:  8 position:  0.631   0.039   0.623 <2>
strN, hnfN, sizeN, n, pgOps, diag, a,b,c,d,e,f, L, labeling
         10      10       10  4  1   1   1   4    1   0   1   3   0   4    1   0   0   0   1   0  -3   0   1  00012222                                
New labeling with spectators added: 00012222                                
HNF from file   1   0   1   3   0   4


New inverse after reduction
  0.180   0.292   0.015
 -0.001  -0.001   0.030
  0.090  -0.049   0.008

Atom #:  1 given label # 1 label: 0
Atom #:  2 given label # 2 label: 0
Atom #:  3 given label # 3 label: 0
  3 atoms of label type  0 found
Atom #:  4 given label # 1 label: 1
  1 atoms of label type  1 found
Atom #:  5 given label # 1 label: 2
Atom #:  6 given label # 2 label: 2
Atom #:  7 given label # 3 label: 2
Atom #:  8 given label # 4 label: 2
  4 atoms of label type  2 found
Finished counting the atoms of each type
At. #:  1 position:  0.014   0.389   0.315 <0>
At. #:  2 position:  0.514   0.389   0.565 <0>
At. #:  3 position:  0.014   0.389   0.815 <0>
At. #:  4 position:  0.514   0.389   0.065 <1>
At. #:  5 position:  0.942   0.246   0.136 <2>
At. #:  6 position:  0.442   0.246   0.386 <2>
At. #:  7 position:  0.942   0.246   0.636 <2>
At. #:  8 position:  0.442   0.246   0.886 <2>
strN, hnfN, sizeN, n, pgOps, diag, a,b,c,d,e,f, L, labeling
         11      11       11  4  1   1   1   4    1   0   1   3   1   4    1   0   0   0   1   0  -3  -1   1  00012222                                
New labeling with spectators added: 00012222                                
HNF from file   1   0   1   3   1   4


New inverse after reduction
 -0.180  -0.097  -0.015
  0.090  -0.146   0.008
 -0.001  -0.001   0.030

Atom #:  1 given label # 1 label: 0
Atom #:  2 given label # 2 label: 0
Atom #:  3 given label # 3 label: 0
  3 atoms of label type  0 found
Atom #:  4 given label # 1 label: 1
  1 atoms of label type  1 found
Atom #:  5 given label # 1 label: 2
Atom #:  6 given label # 2 label: 2
Atom #:  7 given label # 3 label: 2
Atom #:  8 given label # 4 label: 2
  4 atoms of label type  2 found
Finished counting the atoms of each type
At. #:  1 position:  0.179   0.219   0.389 <0>
At. #:  2 position:  0.679   0.469   0.389 <0>
At. #:  3 position:  0.179   0.719   0.389 <0>
At. #:  4 position:  0.679   0.969   0.389 <1>
At. #:  5 position:  0.393   0.969   0.246 <2>
At. #:  6 position:  0.893   0.219   0.246 <2>
At. #:  7 position:  0.393   0.469   0.246 <2>
At. #:  8 position:  0.893   0.719   0.246 <2>
strN, hnfN, sizeN, n, pgOps, diag, a,b,c,d,e,f, L, labeling
         12      12       12  4  1   1   1   4    1   0   1   3   2   4    1   0   0   0   1   0  -3  -2   1  00012222                                
New labeling with spectators added: 00012222                                
HNF from file   1   0   1   3   2   4


New inverse after reduction
 -0.180   0.098  -0.015
 -0.001  -0.001   0.030
  0.090   0.146   0.008

Atom #:  1 given label # 1 label: 0
Atom #:  2 given label # 2 label: 0
Atom #:  3 given label # 3 label: 0
  3 atoms of label type  0 found
Atom #:  4 given label # 1 label: 1
  1 atoms of label type  1 found
Atom #:  5 given label # 1 label: 2
Atom #:  6 given label # 2 label: 2
Atom #:  7 given label # 3 label: 2
Atom #:  8 given label # 4 label: 2
  4 atoms of label type  2 found
Finished counting the atoms of each type
At. #:  1 position:  0.371   0.389   0.507 <0>
At. #:  2 position:  0.871   0.389   0.757 <0>
At. #:  3 position:  0.371   0.389   0.007 <0>
At. #:  4 position:  0.871   0.389   0.257 <1>
At. #:  5 position:  0.728   0.246   0.471 <2>
At. #:  6 position:  0.228   0.246   0.721 <2>
At. #:  7 position:  0.728   0.246   0.971 <2>
At. #:  8 position:  0.228   0.246   0.221 <2>
strN, hnfN, sizeN, n, pgOps, diag, a,b,c,d,e,f, L, labeling
         13      13       13  4  1   1   1   4    1   0   1   3   3   4    1   0   0   0   1   0  -3  -3   1  00012222                                
New labeling with spectators added: 00012222                                
HNF from file   1   0   1   3   3   4


New inverse after reduction
 -0.180   0.292  -0.015
 -0.001  -0.001   0.030
  0.090   0.049   0.008

Atom #:  1 given label # 1 label: 0
Atom #:  2 given label # 2 label: 0
Atom #:  3 given label # 3 label: 0
  3 atoms of label type  0 found
Atom #:  4 given label # 1 label: 1
  1 atoms of label type  1 found
Atom #:  5 given label # 1 label: 2
Atom #:  6 given label # 2 label: 2
Atom #:  7 given label # 3 label: 2
Atom #:  8 given label # 4 label: 2
  4 atoms of label type  2 found
Finished counting the atoms of each type
At. #:  1 position:  0.563   0.389   0.411 <0>
At. #:  2 position:  0.063   0.389   0.661 <0>
At. #:  3 position:  0.563   0.389   0.911 <0>
At. #:  4 position:  0.063   0.389   0.161 <1>
At. #:  5 position:  0.063   0.246   0.304 <2>
At. #:  6 position:  0.563   0.246   0.554 <2>
At. #:  7 position:  0.063   0.246   0.804 <2>
At. #:  8 position:  0.563   0.246   0.054 <2>
strN, hnfN, sizeN, n, pgOps, diag, a,b,c,d,e,f, L, labeling
         14      14       14  4  2   1   1   4    1   0   2   0   1   2    1   0   0   0   0   1   0  -1   2  00012222                                
New labeling with spectators added: 00012222                                
HNF from file   1   0   2   0   1   2


New inverse after reduction
  0.360   0.000   0.000
 -0.001  -0.001   0.030
  0.001  -0.097  -0.015

Atom #:  1 given label # 1 label: 0
Atom #:  2 given label # 2 label: 0
Atom #:  4 given label # 3 label: 0
  3 atoms of label type  0 found
Atom #:  3 given label # 1 label: 1
  1 atoms of label type  1 found
Atom #:  5 given label # 1 label: 2
Atom #:  6 given label # 2 label: 2
Atom #:  7 given label # 3 label: 2
Atom #:  8 given label # 4 label: 2
  4 atoms of label type  2 found
Finished counting the atoms of each type
At. #:  1 position:  0.062   0.389   0.709 <0>
At. #:  2 position:  0.062   0.389   0.209 <0>
At. #:  4 position:  0.562   0.389   0.959 <0>
At. #:  3 position:  0.562   0.389   0.459 <1>
At. #:  5 position:  0.633   0.246   0.709 <2>
At. #:  6 position:  0.633   0.246   0.209 <2>
At. #:  7 position:  0.133   0.246   0.459 <2>
At. #:  8 position:  0.133   0.246   0.959 <2>
strN, hnfN, sizeN, n, pgOps, diag, a,b,c,d,e,f, L, labeling
         15      15       15  4  1   1   1   4    1   0   2   1   1   2    1   0   0  -1   0   1  -2  -1   2  00012222                                
New labeling with spectators added: 00012222                                
HNF from file   1   0   2   1   1   2


New inverse after reduction
  0.000   0.195   0.000
 -0.180   0.000  -0.015
 -0.001  -0.001   0.030

Atom #:  1 given label # 1 label: 0
Atom #:  2 given label # 2 label: 0
Atom #:  4 given label # 3 label: 0
  3 atoms of label type  0 found
Atom #:  3 given label # 1 label: 1
  1 atoms of label type  1 found
Atom #:  5 given label # 1 label: 2
Atom #:  6 given label # 2 label: 2
Atom #:  7 given label # 3 label: 2
Atom #:  8 given label # 4 label: 2
  4 atoms of label type  2 found
Finished counting the atoms of each type
At. #:  1 position:  0.192   0.275   0.389 <0>
At. #:  2 position:  0.192   0.775   0.389 <0>
At. #:  4 position:  0.692   0.525   0.389 <0>
At. #:  3 position:  0.692   0.025   0.389 <1>
At. #:  5 position:  0.335   0.560   0.246 <2>
At. #:  6 position:  0.335   0.060   0.246 <2>
At. #:  7 position:  0.835   0.310   0.246 <2>
At. #:  8 position:  0.835   0.810   0.246 <2>
strN, hnfN, sizeN, n, pgOps, diag, a,b,c,d,e,f, L, labeling
         16      16       16  4  2   1   1   4    1   0   4   0   0   1    1   0   0   0   0   1   0   1   0  00012222                                
New labeling with spectators added: 00012222                                
HNF from file   1   0   4   0   0   1


New inverse after reduction
  0.360   0.000  -0.000
  0.000   0.097   0.000
 -0.001  -0.001   0.030

Atom #:  1 given label # 1 label: 0
Atom #:  2 given label # 2 label: 0
Atom #:  3 given label # 3 label: 0
  3 atoms of label type  0 found
Atom #:  4 given label # 1 label: 1
  1 atoms of label type  1 found
Atom #:  5 given label # 1 label: 2
Atom #:  6 given label # 2 label: 2
Atom #:  7 given label # 3 label: 2
Atom #:  8 given label # 4 label: 2
  4 atoms of label type  2 found
Finished counting the atoms of each type
At. #:  1 position:  0.062   0.096   0.389 <0>
At. #:  2 position:  0.562   0.346   0.389 <0>
At. #:  3 position:  0.062   0.596   0.389 <0>
At. #:  4 position:  0.562   0.846   0.389 <1>
At. #:  5 position:  0.633   0.168   0.246 <2>
At. #:  6 position:  0.133   0.418   0.246 <2>
At. #:  7 position:  0.633   0.668   0.246 <2>
At. #:  8 position:  0.133   0.918   0.246 <2>
strN, hnfN, sizeN, n, pgOps, diag, a,b,c,d,e,f, L, labeling
         17      17       17  4  2   1   1   4    1   0   1   2   1   4    1   0   0   0   1   0  -2  -1   1  00012222                                
New labeling with spectators added: 00012222                                
HNF from file   1   0   1   2   1   4


New inverse after reduction
  0.001  -0.194  -0.015
 -0.001  -0.001   0.030
 -0.181  -0.000   0.008

Atom #:  1 given label # 1 label: 0
Atom #:  2 given label # 2 label: 0
Atom #:  3 given label # 3 label: 0
  3 atoms of label type  0 found
Atom #:  4 given label # 1 label: 1
  1 atoms of label type  1 found
Atom #:  5 given label # 1 label: 2
Atom #:  6 given label # 2 label: 2
Atom #:  7 given label # 3 label: 2
Atom #:  8 given label # 4 label: 2
  4 atoms of label type  2 found
Finished counting the atoms of each type
At. #:  1 position:  0.613   0.389   0.566 <0>
At. #:  2 position:  0.113   0.389   0.816 <0>
At. #:  3 position:  0.613   0.389   0.066 <0>
At. #:  4 position:  0.113   0.389   0.316 <1>
At. #:  5 position:  0.542   0.246   0.745 <2>
At. #:  6 position:  0.042   0.246   0.995 <2>
At. #:  7 position:  0.542   0.246   0.245 <2>
At. #:  8 position:  0.042   0.246   0.495 <2>
strN, hnfN, sizeN, n, pgOps, diag, a,b,c,d,e,f, L, labeling
         18      18       18  4  2   1   1   4    1   0   1   2   3   4    1   0   0   0   1   0  -2  -3   1  00012222                                
New labeling with spectators added: 00012222                                
HNF from file   1   0   1   2   3   4


New inverse after reduction
  0.001  -0.194  -0.015
  0.180   0.000   0.008
 -0.001  -0.001   0.030

Atom #:  1 given label # 1 label: 0
Atom #:  2 given label # 2 label: 0
Atom #:  3 given label # 3 label: 0
  3 atoms of label type  0 found
Atom #:  4 given label # 1 label: 1
  1 atoms of label type  1 found
Atom #:  5 given label # 1 label: 2
Atom #:  6 given label # 2 label: 2
Atom #:  7 given label # 3 label: 2
Atom #:  8 given label # 4 label: 2
  4 atoms of label type  2 found
Finished counting the atoms of each type
At. #:  1 position:  0.613   0.628   0.389 <0>
At. #:  2 position:  0.113   0.878   0.389 <0>
At. #:  3 position:  0.613   0.128   0.389 <0>
At. #:  4 position:  0.113   0.378   0.389 <1>
At. #:  5 position:  0.542   0.378   0.246 <2>
At. #:  6 position:  0.042   0.628   0.246 <2>
At. #:  7 position:  0.542   0.878   0.246 <2>
At. #:  8 position:  0.042   0.128   0.246 <2>
strN, hnfN, sizeN, n, pgOps, diag, a,b,c,d,e,f, L, labeling
         19      19       19  4  2   1   2   2    1   0   2   0   0   2    1   0   0   0   1   0   0   0   1  00012222                                
New labeling with spectators added: 00012222                                
HNF from file   1   0   2   0   0   2


New inverse after reduction
  0.360   0.000   0.015
  0.000   0.195  -0.000
 -0.001  -0.000   0.015

Atom #:  1 given label # 1 label: 0
Atom #:  2 given label # 2 label: 0
Atom #:  3 given label # 3 label: 0
  3 atoms of label type  0 found
Atom #:  4 given label # 1 label: 1
  1 atoms of label type  1 found
Atom #:  5 given label # 1 label: 2
Atom #:  6 given label # 2 label: 2
Atom #:  7 given label # 3 label: 2
Atom #:  8 given label # 4 label: 2
  4 atoms of label type  2 found
Finished counting the atoms of each type
At. #:  1 position:  0.256   0.192   0.195 <0>
At. #:  2 position:  0.756   0.192   0.695 <0>
At. #:  3 position:  0.756   0.692   0.195 <0>
At. #:  4 position:  0.256   0.692   0.695 <1>
At. #:  5 position:  0.756   0.335   0.123 <2>
At. #:  6 position:  0.256   0.335   0.623 <2>
At. #:  7 position:  0.256   0.835   0.123 <2>
At. #:  8 position:  0.756   0.835   0.623 <2>
strN, hnfN, sizeN, n, pgOps, diag, a,b,c,d,e,f, L, labeling
         20      20       20  4  1   1   2   2    1   0   2   1   0   2    1   0   0   0   1   0  -1   0   1  00012222                                
New labeling with spectators added: 00012222                                
HNF from file   1   0   2   1   0   2


New inverse after reduction
 -0.180   0.098  -0.015
 -0.001  -0.001   0.030
  0.000   0.195   0.000

Atom #:  1 given label # 1 label: 0
Atom #:  2 given label # 2 label: 0
Atom #:  3 given label # 3 label: 0
  3 atoms of label type  0 found
Atom #:  4 given label # 1 label: 1
  1 atoms of label type  1 found
Atom #:  5 given label # 1 label: 2
Atom #:  6 given label # 2 label: 2
Atom #:  7 given label # 3 label: 2
Atom #:  8 given label # 4 label: 2
  4 atoms of label type  2 found
Finished counting the atoms of each type
At. #:  1 position:  0.371   0.389   0.192 <0>
At. #:  2 position:  0.871   0.389   0.192 <0>
At. #:  3 position:  0.371   0.389   0.692 <0>
At. #:  4 position:  0.871   0.389   0.692 <1>
At. #:  5 position:  0.728   0.246   0.335 <2>
At. #:  6 position:  0.228   0.246   0.335 <2>
At. #:  7 position:  0.728   0.246   0.835 <2>
At. #:  8 position:  0.228   0.246   0.835 <2>
strN, hnfN, sizeN, n, pgOps, diag, a,b,c,d,e,f, L, labeling
         21      21       21  4  1   1   2   2    1   1   2   0   0   2    1   0   0  -1   1   0   0   0   1  00012222                                
New labeling with spectators added: 00012222                                
HNF from file   1   1   2   0   0   2


New inverse after reduction
 -0.180   0.292   0.000
 -0.001  -0.000   0.015
  0.180   0.097   0.015

Atom #:  1 given label # 1 label: 0
Atom #:  2 given label # 2 label: 0
Atom #:  3 given label # 3 label: 0
  3 atoms of label type  0 found
Atom #:  4 given label # 1 label: 1
  1 atoms of label type  1 found
Atom #:  5 given label # 1 label: 2
Atom #:  6 given label # 2 label: 2
Atom #:  7 given label # 3 label: 2
Atom #:  8 given label # 4 label: 2
  4 atoms of label type  2 found
Finished counting the atoms of each type
At. #:  1 position:  0.757   0.195   0.821 <0>
At. #:  2 position:  0.757   0.695   0.321 <0>
At. #:  3 position:  0.257   0.195   0.321 <0>
At. #:  4 position:  0.257   0.695   0.821 <1>
At. #:  5 position:  0.186   0.123   0.607 <2>
At. #:  6 position:  0.186   0.623   0.107 <2>
At. #:  7 position:  0.686   0.123   0.107 <2>
At. #:  8 position:  0.686   0.623   0.607 <2>
strN, hnfN, sizeN, n, pgOps, diag, a,b,c,d,e,f, L, labeling
         22      22       22  4  2   1   2   2    1   1   2   1   0   2    1   0   0  -1   1   0  -1   0   1  00012222                                
New labeling with spectators added: 00012222                                
HNF from file   1   1   2   1   0   2


New inverse after reduction
 -0.181   0.097   0.015
 -0.001  -0.001   0.030
 -0.001   0.194   0.015

Atom #:  1 given label # 1 label: 0
Atom #:  2 given label # 2 label: 0
Atom #:  3 given label # 3 label: 0
  3 atoms of label type  0 found
Atom #:  4 given label # 1 label: 1
  1 atoms of label type  1 found
Atom #:  5 given label # 1 label: 2
Atom #:  6 given label # 2 label: 2
Atom #:  7 given label # 3 label: 2
Atom #:  8 given label # 4 label: 2
  4 atoms of label type  2 found
Finished counting the atoms of each type
At. #:  1 position:  0.760   0.389   0.387 <0>
At. #:  2 position:  0.260   0.389   0.887 <0>
At. #:  3 position:  0.760   0.389   0.887 <0>
At. #:  4 position:  0.260   0.389   0.387 <1>
At. #:  5 position:  0.974   0.246   0.458 <2>
At. #:  6 position:  0.474   0.246   0.958 <2>
At. #:  7 position:  0.974   0.246   0.958 <2>
At. #:  8 position:  0.474   0.246   0.458 <2>
strN, hnfN, sizeN, n, pgOps, diag, a,b,c,d,e,f, L, labeling
         23      23       23  4  2   1   2   2    2   0   1   0   1   2    0   1   0   1   0   0   0  -1   1  00012222                                
New labeling with spectators added: 00012222                                
HNF from file   2   0   1   0   1   2


New inverse after reduction
  0.180  -0.097   0.000
 -0.001  -0.001   0.030
  0.001  -0.194  -0.015

Atom #:  1 given label # 1 label: 0
Atom #:  2 given label # 2 label: 0
Atom #:  3 given label # 3 label: 0
  3 atoms of label type  0 found
Atom #:  4 given label # 1 label: 1
  1 atoms of label type  1 found
Atom #:  5 given label # 1 label: 2
Atom #:  6 given label # 2 label: 2
Atom #:  7 given label # 3 label: 2
Atom #:  8 given label # 4 label: 2
  4 atoms of label type  2 found
Finished counting the atoms of each type
At. #:  1 position:  0.435   0.389   0.613 <0>
At. #:  2 position:  0.435   0.389   0.113 <0>
At. #:  3 position:  0.935   0.389   0.613 <0>
At. #:  4 position:  0.935   0.389   0.113 <1>
At. #:  5 position:  0.149   0.246   0.542 <2>
At. #:  6 position:  0.149   0.246   0.042 <2>
At. #:  7 position:  0.649   0.246   0.542 <2>
At. #:  8 position:  0.649   0.246   0.042 <2>
