 # <fortpy version="3" revision="247"></fortpy>
Na0.75 Li2
bulk
  2.7741070       0.0000000      0.11567100        # a1 parent lattice vector
  1.3846050       2.5682150      0.11655100        # a2 parent lattice vector
  0.0000000       0.0000000       33.323051        # a3 parent lattice vector
    2 # Number of points in the multilattice
  2.9439580      0.98707000       13.112058        # d01 d-vector, labels: 0/1
  1.7543540       1.7208450       8.3188300        # d02 d-vector, labels: 2
 3-nary case
   4   4 # Starting and ending cell sizes for search
 0.10000000E-02 # Epsilon (finite precision parameter)
Concentration check:
    T
Including only structures of which the concentration   of each atom is in the range:
Type 1:    3/   4 --    3/   4
Type 2:    1/   4 --    1/   4
Type 3:    0/   1 --    0/   1
full list of labelings (including incomplete labelings) is used
(Non)Equivalency list: 1  2
start   #tot      HNF     Hdegn   labdegn   Totdegn   #size idx    pg    SNF             HNF                 Left transform                          labeling
          1         1       1        4        4           1   4     2   1  1  4    1  0  1  0  0  4      1    0    0    0    1    0    0    0    1   00012222
          2         2       1        4        4           2   4     2   1  1  4    1  0  1  0  1  4      1    0    0    0    1    0    0   -1    1   00012222
          3         3       1        4        4           3   4     2   1  1  4    1  0  1  0  2  4      1    0    0    0    1    0    0   -2    1   00012222
          4         4       1        4        4           4   4     2   1  1  4    1  0  1  0  3  4      1    0    0    0    1    0    0   -3    1   00012222
          5         5       2        4        8           5   4     1   1  1  4    1  0  1  1  0  4      1    0    0    0    1    0   -1    0    1   00012222
          6         6       2        4        8           6   4     1   1  1  4    1  0  1  1  1  4      1    0    0    0    1    0   -1   -1    1   00012222
          7         7       2        4        8           7   4     1   1  1  4    1  0  1  1  2  4      1    0    0    0    1    0   -1   -2    1   00012222
          8         8       2        4        8           8   4     1   1  1  4    1  0  1  1  3  4      1    0    0    0    1    0   -1   -3    1   00012222
          9         9       2        4        8           9   4     1   1  1  4    1  0  1  2  0  4      1    0    0    0    1    0   -2    0    1   00012222
         10        10       2        4        8          10   4     1   1  1  4    1  0  1  3  0  4      1    0    0    0    1    0   -3    0    1   00012222
         11        11       2        4        8          11   4     1   1  1  4    1  0  1  3  1  4      1    0    0    0    1    0   -3   -1    1   00012222
         12        12       2        4        8          12   4     1   1  1  4    1  0  1  3  2  4      1    0    0    0    1    0   -3   -2    1   00012222
         13        13       2        4        8          13   4     1   1  1  4    1  0  1  3  3  4      1    0    0    0    1    0   -3   -3    1   00012222
         14        14       1        4        4          14   4     2   1  1  4    1  0  2  0  1  2      1    0    0    0    0    1    0   -1    2   00012222
         15        15       1        4        4          15   4     1   1  1  4    1  0  2  1  1  2      1    0    0   -1    0    1   -2   -1    2   00012222
         16        16       2        4        8          16   4     2   1  1  4    1  0  4  0  0  1      1    0    0    0    0    1    0    1    0   00012222
         17        17       1        4        4          17   4     2   1  1  4    1  0  1  2  1  4      1    0    0    0    1    0   -2   -1    1   00012222
         18        18       1        4        4          18   4     2   1  1  4    1  0  1  2  3  4      1    0    0    0    1    0   -2   -3    1   00012222
         19        19       2        4        8          19   4     2   1  2  2    1  0  2  0  0  2      1    0    0    0    1    0    0    0    1   00012222
         20        20       2        4        8          20   4     1   1  2  2    1  0  2  1  0  2      1    0    0    0    1    0   -1    0    1   00012222
         21        21       1        4        4          21   4     1   1  2  2    1  1  2  0  0  2      1    0    0   -1    1    0    0    0    1   00012222
         22        22       1        4        4          22   4     2   1  2  2    1  1  2  1  0  2      1    0    0   -1    1    0   -1    0    1   00012222
         23        23       1        4        4          23   4     2   1  2  2    2  0  1  0  1  2      0    1    0    1    0    0    0   -1    1   00012222
